2023.10.07 15:23:57 INFO  Started: Metals version 1.0.1 in folders 'C:\Users\Eddie\Documents\Github\SXMproject\frontend' for client Visual Studio Code 1.83.0.
Oct 07, 2023 3:23:57 PM org.flywaydb.core.internal.license.VersionPrinter printVersionOnly
INFO: Flyway Community Edition 9.21.2 by Redgate
Oct 07, 2023 3:23:57 PM org.flywaydb.core.internal.license.VersionPrinter printVersion
INFO: See release notes here: https://rd.gt/416ObMi
Oct 07, 2023 3:23:57 PM org.flywaydb.core.internal.license.VersionPrinter printVersion
INFO: 
Oct 07, 2023 3:23:57 PM org.flywaydb.core.FlywayExecutor execute
INFO: Database: jdbc:h2:file:C:\Users\Eddie\Documents\Github\SXMproject\frontend\.metals\metals (H2 2.1)
Oct 07, 2023 3:23:57 PM org.flywaydb.core.internal.schemahistory.JdbcTableSchemaHistory allAppliedMigrations
INFO: Schema history table "PUBLIC"."flyway_schema_history" does not exist yet
Oct 07, 2023 3:23:57 PM org.flywaydb.core.internal.command.DbValidate validate
INFO: Successfully validated 4 migrations (execution time 00:00.017s)
Oct 07, 2023 3:23:57 PM org.flywaydb.core.internal.schemahistory.JdbcTableSchemaHistory create
INFO: Creating Schema History table "PUBLIC"."flyway_schema_history" ...
Oct 07, 2023 3:23:57 PM org.flywaydb.core.internal.command.DbMigrate migrateGroup
INFO: Current version of schema "PUBLIC": << Empty Schema >>
Oct 07, 2023 3:23:57 PM org.flywaydb.core.internal.command.DbMigrate doMigrateGroup
INFO: Migrating schema "PUBLIC" to version "1 - Create tables"
Oct 07, 2023 3:23:57 PM org.flywaydb.core.internal.command.DbMigrate doMigrateGroup
INFO: Migrating schema "PUBLIC" to version "2 - Server discovery"
Oct 07, 2023 3:23:57 PM org.flywaydb.core.internal.command.DbMigrate doMigrateGroup
INFO: Migrating schema "PUBLIC" to version "3 - Jar symbols"
Oct 07, 2023 3:23:57 PM org.flywaydb.core.internal.command.DbMigrate doMigrateGroup
INFO: Migrating schema "PUBLIC" to version "4 - Fingerprints"
Oct 07, 2023 3:23:57 PM org.flywaydb.core.internal.command.DbMigrate logSummary
INFO: Successfully applied 4 migrations to schema "PUBLIC", now at version v4 (execution time 00:00.012s)
2023.10.07 15:23:57 INFO  time: initialize in 0.49s
2023.10.07 15:24:02 WARN  Build server is not auto-connectable.
2023.10.07 15:24:02 WARN  no build tool detected in workspace 'C:\Users\Eddie\Documents\Github\SXMproject\frontend'. The most common cause for this problem is that the editor was opened in the wrong working directory, for example if you use sbt then the workspace directory should contain build.sbt. 
